<?xml version="1.0" encoding="UTF-8" ?>
<testsuite failures="0" time="0.032" errors="0" skipped="0" tests="0" name="ms.Test">
  <properties>
    <property name="java.runtime.name" value="Java(TM) SE Runtime Environment"/>
    <property name="sun.boot.library.path" value="D:\Program Files (x86)\Java\jdk1.7.0_25\jre\bin"/>
    <property name="java.vm.version" value="23.25-b01"/>
    <property name="java.vm.vendor" value="Oracle Corporation"/>
    <property name="java.vendor.url" value="http://java.oracle.com/"/>
    <property name="path.separator" value=";"/>
    <property name="java.vm.name" value="Java HotSpot(TM) Client VM"/>
    <property name="file.encoding.pkg" value="sun.io"/>
    <property name="user.script" value=""/>
    <property name="user.country" value="CN"/>
    <property name="sun.java.launcher" value="SUN_STANDARD"/>
    <property name="sun.os.patch.level" value=""/>
    <property name="java.vm.specification.name" value="Java Virtual Machine Specification"/>
    <property name="user.dir" value="C:\Users\Administrator\Desktop\20160301\ms"/>
    <property name="java.runtime.version" value="1.7.0_25-b17"/>
    <property name="java.awt.graphicsenv" value="sun.awt.Win32GraphicsEnvironment"/>
    <property name="basedir" value="C:\Users\Administrator\Desktop\20160301\ms"/>
    <property name="java.endorsed.dirs" value="D:\Program Files (x86)\Java\jdk1.7.0_25\jre\lib\endorsed"/>
    <property name="os.arch" value="x86"/>
    <property name="surefire.real.class.path" value="C:\Users\Administrator\Desktop\20160301\ms\target\surefire\surefirebooter2138888665630216090.jar"/>
    <property name="java.io.tmpdir" value="C:\Users\ADMINI~1\AppData\Local\Temp\"/>
    <property name="line.separator" value="
"/>
    <property name="java.vm.specification.vendor" value="Oracle Corporation"/>
    <property name="user.variant" value=""/>
    <property name="os.name" value="Windows 8"/>
    <property name="sun.jnu.encoding" value="GBK"/>
    <property name="java.library.path" value="D:\Program Files (x86)\Java\jdk1.7.0_25\jre\bin;C:\WINDOWS\Sun\Java\bin;C:\WINDOWS\system32;C:\WINDOWS;C:\WINDOWS\system32;C:\WINDOWS;C:\WINDOWS\System32\Wbem;C:\WINDOWS\System32\WindowsPowerShell\v1.0\;D:\Program Files (x86)\py3.3.0;%JAVA_HOME%\bin;."/>
    <property name="surefire.test.class.path" value="C:\Users\Administrator\Desktop\20160301\ms\target\test-classes;C:\Users\Administrator\Desktop\20160301\ms\target\classes;C:\Users\Administrator\.m2\repository\junit\junit\3.8.1\junit-3.8.1.jar;C:\Users\Administrator\.m2\repository\org\springframework\spring-context\3.2.14.RELEASE\spring-context-3.2.14.RELEASE.jar;C:\Users\Administrator\.m2\repository\org\springframework\spring-aop\3.2.14.RELEASE\spring-aop-3.2.14.RELEASE.jar;C:\Users\Administrator\.m2\repository\org\springframework\spring-beans\3.2.14.RELEASE\spring-beans-3.2.14.RELEASE.jar;C:\Users\Administrator\.m2\repository\org\springframework\spring-core\3.2.14.RELEASE\spring-core-3.2.14.RELEASE.jar;C:\Users\Administrator\.m2\repository\org\springframework\spring-expression\3.2.14.RELEASE\spring-expression-3.2.14.RELEASE.jar;C:\Users\Administrator\.m2\repository\org\springframework\spring-web\3.2.14.RELEASE\spring-web-3.2.14.RELEASE.jar;C:\Users\Administrator\.m2\repository\org\springframework\spring-webmvc\3.2.14.RELEASE\spring-webmvc-3.2.14.RELEASE.jar;C:\Users\Administrator\.m2\repository\log4j\log4j\1.2.17\log4j-1.2.17.jar;C:\Users\Administrator\.m2\repository\javax\servlet\jstl\1.2\jstl-1.2.jar;C:\Users\Administrator\.m2\repository\commons-dbcp\commons-dbcp\1.4\commons-dbcp-1.4.jar;C:\Users\Administrator\.m2\repository\commons-pool\commons-pool\1.5.4\commons-pool-1.5.4.jar;C:\Users\Administrator\.m2\repository\mysql\mysql-connector-java\5.1.36\mysql-connector-java-5.1.36.jar;C:\Users\Administrator\.m2\repository\org\mybatis\mybatis\3.3.0\mybatis-3.3.0.jar;C:\Users\Administrator\.m2\repository\org\mybatis\mybatis-spring\1.2.3\mybatis-spring-1.2.3.jar;C:\Users\Administrator\.m2\repository\org\springframework\spring-jdbc\3.2.7.RELEASE\spring-jdbc-3.2.7.RELEASE.jar;C:\Users\Administrator\.m2\repository\org\springframework\spring-tx\3.2.7.RELEASE\spring-tx-3.2.7.RELEASE.jar;C:\Users\Administrator\.m2\repository\org\springframework\security\spring-security-web\3.2.8.RELEASE\spring-security-web-3.2.8.RELEASE.jar;C:\Users\Administrator\.m2\repository\aopalliance\aopalliance\1.0\aopalliance-1.0.jar;C:\Users\Administrator\.m2\repository\org\springframework\security\spring-security-core\3.2.8.RELEASE\spring-security-core-3.2.8.RELEASE.jar;C:\Users\Administrator\.m2\repository\org\springframework\security\spring-security-config\3.2.8.RELEASE\spring-security-config-3.2.8.RELEASE.jar;C:\Users\Administrator\.m2\repository\org\springframework\security\spring-security-taglibs\3.2.8.RELEASE\spring-security-taglibs-3.2.8.RELEASE.jar;C:\Users\Administrator\.m2\repository\org\springframework\security\spring-security-acl\3.2.8.RELEASE\spring-security-acl-3.2.8.RELEASE.jar;C:\Users\Administrator\.m2\repository\com\github\pagehelper\pagehelper\4.0.0\pagehelper-4.0.0.jar;C:\Users\Administrator\.m2\repository\com\github\jsqlparser\jsqlparser\0.9.1\jsqlparser-0.9.1.jar;C:\Users\Administrator\.m2\repository\com\fasterxml\jackson\core\jackson-core\2.2.3\jackson-core-2.2.3.jar;C:\Users\Administrator\.m2\repository\com\fasterxml\jackson\core\jackson-databind\2.2.3\jackson-databind-2.2.3.jar;C:\Users\Administrator\.m2\repository\com\fasterxml\jackson\core\jackson-annotations\2.2.3\jackson-annotations-2.2.3.jar;C:\Users\Administrator\.m2\repository\net\sf\json-lib\json-lib\2.4\json-lib-2.4-jdk15.jar;C:\Users\Administrator\.m2\repository\commons-beanutils\commons-beanutils\1.8.0\commons-beanutils-1.8.0.jar;C:\Users\Administrator\.m2\repository\commons-collections\commons-collections\3.2.1\commons-collections-3.2.1.jar;C:\Users\Administrator\.m2\repository\commons-lang\commons-lang\2.5\commons-lang-2.5.jar;C:\Users\Administrator\.m2\repository\commons-logging\commons-logging\1.1.1\commons-logging-1.1.1.jar;C:\Users\Administrator\.m2\repository\net\sf\ezmorph\ezmorph\1.0.6\ezmorph-1.0.6.jar;C:\Users\Administrator\.m2\repository\javax\servlet\javax.servlet-api\3.0.1\javax.servlet-api-3.0.1.jar;C:\Users\Administrator\.m2\repository\org\apache\httpcomponents\httpclient\4.5\httpclient-4.5.jar;C:\Users\Administrator\.m2\repository\org\apache\httpcomponents\httpcore\4.4.1\httpcore-4.4.1.jar;C:\Users\Administrator\.m2\repository\commons-codec\commons-codec\1.9\commons-codec-1.9.jar;C:\Users\Administrator\.m2\repository\net\sf\jxls\jxls-core\1.0.6\jxls-core-1.0.6.jar;C:\Users\Administrator\.m2\repository\commons-digester\commons-digester\2.0\commons-digester-2.0.jar;C:\Users\Administrator\.m2\repository\org\apache\commons\commons-jexl\2.0.1\commons-jexl-2.0.1.jar;C:\Users\Administrator\.m2\repository\org\apache\poi\poi\3.9\poi-3.9.jar;C:\Users\Administrator\.m2\repository\org\apache\poi\poi-ooxml\3.9\poi-ooxml-3.9.jar;C:\Users\Administrator\.m2\repository\org\apache\poi\poi-ooxml-schemas\3.9\poi-ooxml-schemas-3.9.jar;C:\Users\Administrator\.m2\repository\org\apache\xmlbeans\xmlbeans\2.3.0\xmlbeans-2.3.0.jar;C:\Users\Administrator\.m2\repository\stax\stax-api\1.0.1\stax-api-1.0.1.jar;C:\Users\Administrator\.m2\repository\dom4j\dom4j\1.6.1\dom4j-1.6.1.jar;C:\Users\Administrator\.m2\repository\xml-apis\xml-apis\1.0.b2\xml-apis-1.0.b2.jar;C:\Users\Administrator\.m2\repository\commons-fileupload\commons-fileupload\1.3.1\commons-fileupload-1.3.1.jar;C:\Users\Administrator\.m2\repository\commons-io\commons-io\2.2\commons-io-2.2.jar;"/>
    <property name="java.specification.name" value="Java Platform API Specification"/>
    <property name="java.class.version" value="51.0"/>
    <property name="sun.management.compiler" value="HotSpot Client Compiler"/>
    <property name="os.version" value="6.2"/>
    <property name="user.home" value="C:\Users\Administrator"/>
    <property name="user.timezone" value=""/>
    <property name="java.awt.printerjob" value="sun.awt.windows.WPrinterJob"/>
    <property name="java.specification.version" value="1.7"/>
    <property name="file.encoding" value="GBK"/>
    <property name="user.name" value="Administrator"/>
    <property name="java.class.path" value="C:\Users\Administrator\Desktop\20160301\ms\target\test-classes;C:\Users\Administrator\Desktop\20160301\ms\target\classes;C:\Users\Administrator\.m2\repository\junit\junit\3.8.1\junit-3.8.1.jar;C:\Users\Administrator\.m2\repository\org\springframework\spring-context\3.2.14.RELEASE\spring-context-3.2.14.RELEASE.jar;C:\Users\Administrator\.m2\repository\org\springframework\spring-aop\3.2.14.RELEASE\spring-aop-3.2.14.RELEASE.jar;C:\Users\Administrator\.m2\repository\org\springframework\spring-beans\3.2.14.RELEASE\spring-beans-3.2.14.RELEASE.jar;C:\Users\Administrator\.m2\repository\org\springframework\spring-core\3.2.14.RELEASE\spring-core-3.2.14.RELEASE.jar;C:\Users\Administrator\.m2\repository\org\springframework\spring-expression\3.2.14.RELEASE\spring-expression-3.2.14.RELEASE.jar;C:\Users\Administrator\.m2\repository\org\springframework\spring-web\3.2.14.RELEASE\spring-web-3.2.14.RELEASE.jar;C:\Users\Administrator\.m2\repository\org\springframework\spring-webmvc\3.2.14.RELEASE\spring-webmvc-3.2.14.RELEASE.jar;C:\Users\Administrator\.m2\repository\log4j\log4j\1.2.17\log4j-1.2.17.jar;C:\Users\Administrator\.m2\repository\javax\servlet\jstl\1.2\jstl-1.2.jar;C:\Users\Administrator\.m2\repository\commons-dbcp\commons-dbcp\1.4\commons-dbcp-1.4.jar;C:\Users\Administrator\.m2\repository\commons-pool\commons-pool\1.5.4\commons-pool-1.5.4.jar;C:\Users\Administrator\.m2\repository\mysql\mysql-connector-java\5.1.36\mysql-connector-java-5.1.36.jar;C:\Users\Administrator\.m2\repository\org\mybatis\mybatis\3.3.0\mybatis-3.3.0.jar;C:\Users\Administrator\.m2\repository\org\mybatis\mybatis-spring\1.2.3\mybatis-spring-1.2.3.jar;C:\Users\Administrator\.m2\repository\org\springframework\spring-jdbc\3.2.7.RELEASE\spring-jdbc-3.2.7.RELEASE.jar;C:\Users\Administrator\.m2\repository\org\springframework\spring-tx\3.2.7.RELEASE\spring-tx-3.2.7.RELEASE.jar;C:\Users\Administrator\.m2\repository\org\springframework\security\spring-security-web\3.2.8.RELEASE\spring-security-web-3.2.8.RELEASE.jar;C:\Users\Administrator\.m2\repository\aopalliance\aopalliance\1.0\aopalliance-1.0.jar;C:\Users\Administrator\.m2\repository\org\springframework\security\spring-security-core\3.2.8.RELEASE\spring-security-core-3.2.8.RELEASE.jar;C:\Users\Administrator\.m2\repository\org\springframework\security\spring-security-config\3.2.8.RELEASE\spring-security-config-3.2.8.RELEASE.jar;C:\Users\Administrator\.m2\repository\org\springframework\security\spring-security-taglibs\3.2.8.RELEASE\spring-security-taglibs-3.2.8.RELEASE.jar;C:\Users\Administrator\.m2\repository\org\springframework\security\spring-security-acl\3.2.8.RELEASE\spring-security-acl-3.2.8.RELEASE.jar;C:\Users\Administrator\.m2\repository\com\github\pagehelper\pagehelper\4.0.0\pagehelper-4.0.0.jar;C:\Users\Administrator\.m2\repository\com\github\jsqlparser\jsqlparser\0.9.1\jsqlparser-0.9.1.jar;C:\Users\Administrator\.m2\repository\com\fasterxml\jackson\core\jackson-core\2.2.3\jackson-core-2.2.3.jar;C:\Users\Administrator\.m2\repository\com\fasterxml\jackson\core\jackson-databind\2.2.3\jackson-databind-2.2.3.jar;C:\Users\Administrator\.m2\repository\com\fasterxml\jackson\core\jackson-annotations\2.2.3\jackson-annotations-2.2.3.jar;C:\Users\Administrator\.m2\repository\net\sf\json-lib\json-lib\2.4\json-lib-2.4-jdk15.jar;C:\Users\Administrator\.m2\repository\commons-beanutils\commons-beanutils\1.8.0\commons-beanutils-1.8.0.jar;C:\Users\Administrator\.m2\repository\commons-collections\commons-collections\3.2.1\commons-collections-3.2.1.jar;C:\Users\Administrator\.m2\repository\commons-lang\commons-lang\2.5\commons-lang-2.5.jar;C:\Users\Administrator\.m2\repository\commons-logging\commons-logging\1.1.1\commons-logging-1.1.1.jar;C:\Users\Administrator\.m2\repository\net\sf\ezmorph\ezmorph\1.0.6\ezmorph-1.0.6.jar;C:\Users\Administrator\.m2\repository\javax\servlet\javax.servlet-api\3.0.1\javax.servlet-api-3.0.1.jar;C:\Users\Administrator\.m2\repository\org\apache\httpcomponents\httpclient\4.5\httpclient-4.5.jar;C:\Users\Administrator\.m2\repository\org\apache\httpcomponents\httpcore\4.4.1\httpcore-4.4.1.jar;C:\Users\Administrator\.m2\repository\commons-codec\commons-codec\1.9\commons-codec-1.9.jar;C:\Users\Administrator\.m2\repository\net\sf\jxls\jxls-core\1.0.6\jxls-core-1.0.6.jar;C:\Users\Administrator\.m2\repository\commons-digester\commons-digester\2.0\commons-digester-2.0.jar;C:\Users\Administrator\.m2\repository\org\apache\commons\commons-jexl\2.0.1\commons-jexl-2.0.1.jar;C:\Users\Administrator\.m2\repository\org\apache\poi\poi\3.9\poi-3.9.jar;C:\Users\Administrator\.m2\repository\org\apache\poi\poi-ooxml\3.9\poi-ooxml-3.9.jar;C:\Users\Administrator\.m2\repository\org\apache\poi\poi-ooxml-schemas\3.9\poi-ooxml-schemas-3.9.jar;C:\Users\Administrator\.m2\repository\org\apache\xmlbeans\xmlbeans\2.3.0\xmlbeans-2.3.0.jar;C:\Users\Administrator\.m2\repository\stax\stax-api\1.0.1\stax-api-1.0.1.jar;C:\Users\Administrator\.m2\repository\dom4j\dom4j\1.6.1\dom4j-1.6.1.jar;C:\Users\Administrator\.m2\repository\xml-apis\xml-apis\1.0.b2\xml-apis-1.0.b2.jar;C:\Users\Administrator\.m2\repository\commons-fileupload\commons-fileupload\1.3.1\commons-fileupload-1.3.1.jar;C:\Users\Administrator\.m2\repository\commons-io\commons-io\2.2\commons-io-2.2.jar;"/>
    <property name="java.vm.specification.version" value="1.7"/>
    <property name="sun.arch.data.model" value="32"/>
    <property name="java.home" value="D:\Program Files (x86)\Java\jdk1.7.0_25\jre"/>
    <property name="sun.java.command" value="C:\Users\Administrator\Desktop\20160301\ms\target\surefire\surefirebooter2138888665630216090.jar C:\Users\Administrator\Desktop\20160301\ms\target\surefire\surefire8977577475927088160tmp C:\Users\Administrator\Desktop\20160301\ms\target\surefire\surefire9149272256334199469tmp"/>
    <property name="java.specification.vendor" value="Oracle Corporation"/>
    <property name="user.language" value="zh"/>
    <property name="awt.toolkit" value="sun.awt.windows.WToolkit"/>
    <property name="java.vm.info" value="mixed mode, sharing"/>
    <property name="java.version" value="1.7.0_25"/>
    <property name="java.ext.dirs" value="D:\Program Files (x86)\Java\jdk1.7.0_25\jre\lib\ext;C:\WINDOWS\Sun\Java\lib\ext"/>
    <property name="sun.boot.class.path" value="D:\Program Files (x86)\Java\jdk1.7.0_25\jre\lib\resources.jar;D:\Program Files (x86)\Java\jdk1.7.0_25\jre\lib\rt.jar;D:\Program Files (x86)\Java\jdk1.7.0_25\jre\lib\sunrsasign.jar;D:\Program Files (x86)\Java\jdk1.7.0_25\jre\lib\jsse.jar;D:\Program Files (x86)\Java\jdk1.7.0_25\jre\lib\jce.jar;D:\Program Files (x86)\Java\jdk1.7.0_25\jre\lib\charsets.jar;D:\Program Files (x86)\Java\jdk1.7.0_25\jre\lib\jfr.jar;D:\Program Files (x86)\Java\jdk1.7.0_25\jre\classes"/>
    <property name="java.vendor" value="Oracle Corporation"/>
    <property name="localRepository" value="C:\Users\Administrator\.m2\repository"/>
    <property name="file.separator" value="\"/>
    <property name="java.vendor.url.bug" value="http://bugreport.sun.com/bugreport/"/>
    <property name="sun.cpu.endian" value="little"/>
    <property name="sun.io.unicode.encoding" value="UnicodeLittle"/>
    <property name="sun.desktop" value="windows"/>
    <property name="sun.cpu.isalist" value="pentium_pro+mmx pentium_pro pentium+mmx pentium i486 i386 i86"/>
  </properties>
</testsuite>